<?xml version="1.0" encoding="UTF-8"?>
<testsuite xmlns:xsi="http://www.w3.org/2001/XMLSchema-instance" xsi:noNamespaceSchemaLocation="https://maven.apache.org/surefire/maven-surefire-plugin/xsd/surefire-test-report.xsd" name="com.example.LoginCourierParameterizedTest" time="60.701" tests="5" errors="0" skipped="0" failures="1">
  <properties>
[...]
</properties>
  <testcase name="courierLoginWithInvalidData[0]" classname="com.example.LoginCourierParameterizedTest" time="0.077"/>
  <testcase name="courierLoginWithInvalidData[1]" classname="com.example.LoginCourierParameterizedTest" time="0.162"/>
  <testcase name="courierLoginWithInvalidData[2]" classname="com.example.LoginCourierParameterizedTest" time="0.171"/>
  <testcase name="courierLoginWithInvalidData[3]" classname="com.example.LoginCourierParameterizedTest" time="60.112">
    <failure message="expected:&lt;504&gt; but was:&lt;400&gt;" type="java.lang.AssertionError"><![CDATA[java.lang.AssertionError: expected:<504> but was:<400>
	at com.example.LoginCourierParameterizedTest.courierLoginWithInvalidData(LoginCourierParameterizedTest.java:44)
]]></failure>
  </testcase>
  <testcase name="courierLoginWithInvalidData[4]" classname="com.example.LoginCourierParameterizedTest" time="0.139"/>
</testsuite>