<?xml version="1.0" encoding="UTF-8"?>
<testsuite xmlns:xsi="http://www.w3.org/2001/XMLSchema-instance" xsi:noNamespaceSchemaLocation="https://maven.apache.org/surefire/maven-surefire-plugin/xsd/surefire-test-report.xsd" name="com.example.CreateCourierTests" time="18.787" tests="3" errors="0" skipped="0" failures="2">
  <properties>
[...]
</properties>
  <testcase name="courierCanNotBeCreatedWithExistingLogin" classname="com.example.CreateCourierTests" time="16.432">
    <failure message="expected:&lt;...гин уже используется[. Попробуйте другой.]&gt; but was:&lt;...гин уже используется[]&gt;" type="org.junit.ComparisonFailure"><![CDATA[org.junit.ComparisonFailure: expected:<...гин уже используется[. Попробуйте другой.]> but was:<...гин уже используется[]>
	at com.example.CreateCourierTests.courierCanNotBeCreatedWithExistingLogin(CreateCourierTests.java:77)
]]></failure>
    <system-err><![CDATA[SLF4J: Failed to load class "org.slf4j.impl.StaticLoggerBinder".
SLF4J: Defaulting to no-operation (NOP) logger implementation
SLF4J: See http://www.slf4j.org/codes.html#StaticLoggerBinder for further details.
]]></system-err>
  </testcase>
  <testcase name="courierCanBeCreatedWithValidDataAndLogin" classname="com.example.CreateCourierTests" time="0.554"/>
  <testcase name="courierCanNotBeCreatedIfHeWasCreated" classname="com.example.CreateCourierTests" time="0.664">
    <failure message="expected:&lt;...гин уже используется[. Попробуйте другой.]&gt; but was:&lt;...гин уже используется[]&gt;" type="org.junit.ComparisonFailure"><![CDATA[org.junit.ComparisonFailure: expected:<...гин уже используется[. Попробуйте другой.]> but was:<...гин уже используется[]>
	at com.example.CreateCourierTests.courierCanNotBeCreatedIfHeWasCreated(CreateCourierTests.java:57)
]]></failure>
  </testcase>
</testsuite>