-------------------------------------------------------------------------------
Test set: com.example.CreateCourierTests
-------------------------------------------------------------------------------
Tests run: 3, Failures: 2, Errors: 0, Skipped: 0, Time elapsed: 22.298 s <<< FAILURE! - in com.example.CreateCourierTests
courierCanNotBeCreatedWithExistingLogin(com.example.CreateCourierTests)  Time elapsed: 19.859 s  <<< FAILURE!
org.junit.ComparisonFailure: expected:<...гин уже используется[. Попробуйте другой.]> but was:<...гин уже используется[]>
	at com.example.CreateCourierTests.courierCanNotBeCreatedWithExistingLogin(CreateCourierTests.java:77)

courierCanNotBeCreatedIfHeWasCreated(com.example.CreateCourierTests)  Time elapsed: 0.795 s  <<< FAILURE!
org.junit.ComparisonFailure: expected:<...гин уже используется[. Попробуйте другой.]> but was:<...гин уже используется[]>
	at com.example.CreateCourierTests.courierCanNotBeCreatedIfHeWasCreated(CreateCourierTests.java:57)

